  Performing full C++ include scan (no include cache file)
  Parsing headers for MMC_BowlingEditor
    Running UnrealHeaderTool "C:\Users\mtrunk\Documents\Unreal Projects\MMC_Bowling\MMC_Bowling.uproject" "C:\Users\mtrunk\Documents\Unreal Projects\MMC_Bowling\Intermediate\Build\Win64\MMC_BowlingEditor\Development\MMC_BowlingEditor.uhtmanifest" -LogCmds="loginit warning, logexit warning, logdatabase error" -Unattended -WarningsAsErrors -installed
  Reflection code generated for MMC_BowlingEditor in 2.6590591 seconds
  Performing 13 actions (4 in parallel)
  prop_worldbutton.cpp
  MMC_Bowling.generated.cpp
  prop_rotator_pivoted.cpp
  util_debug.cpp
  prop_movelinear.cpp
  prop_move_base.cpp
  prop_rotator.cpp
  entity_launcher.cpp
  info_hudhint.cpp
  entity_base.cpp
  bowling_system.cpp
  bowling_pin.cpp
  [13/13] Link UE4Editor-MMC_Bowling.dll
     Creating library C:\Users\mtrunk\Documents\Unreal Projects\MMC_Bowling\Intermediate\Build\Win64\UE4Editor\Development\UE4Editor-MMC_Bowling.lib and object C:\Users\mtrunk\Documents\Unreal Projects\MMC_Bowling\Intermediate\Build\Win64\UE4Editor\Development\UE4Editor-MMC_Bowling.exp
  Total build time: 9.27 seconds
